c:\users\lge_dv_48\desktop\processhacker\2.x\trunk\plugins\extendedtools\obj\release64\disktab.obj
c:\users\lge_dv_48\desktop\processhacker\2.x\trunk\plugins\extendedtools\obj\release64\iconext.obj
c:\users\lge_dv_48\desktop\processhacker\2.x\trunk\plugins\extendedtools\obj\release64\etwprprp.obj
c:\users\lge_dv_48\desktop\processhacker\2.x\trunk\plugins\extendedtools\obj\release64\objprp.obj
c:\users\lge_dv_48\desktop\processhacker\2.x\trunk\plugins\extendedtools\obj\release64\utils.obj
c:\users\lge_dv_48\desktop\processhacker\2.x\trunk\plugins\extendedtools\obj\release64\etwmon.obj
c:\users\lge_dv_48\desktop\processhacker\2.x\trunk\plugins\extendedtools\obj\release64\gpunodes.obj
c:\users\lge_dv_48\desktop\processhacker\2.x\trunk\plugins\extendedtools\obj\release64\procicon.obj
c:\users\lge_dv_48\desktop\processhacker\2.x\trunk\plugins\extendedtools\obj\release64\etwsys.obj
c:\users\lge_dv_48\desktop\processhacker\2.x\trunk\plugins\extendedtools\obj\release64\options.obj
c:\users\lge_dv_48\desktop\processhacker\2.x\trunk\plugins\extendedtools\obj\release64\wswatch.obj
c:\users\lge_dv_48\desktop\processhacker\2.x\trunk\plugins\extendedtools\obj\release64\etwdisk.obj
c:\users\lge_dv_48\desktop\processhacker\2.x\trunk\plugins\extendedtools\obj\release64\gpuprprp.obj
c:\users\lge_dv_48\desktop\processhacker\2.x\trunk\plugins\extendedtools\obj\release64\treeext.obj
c:\users\lge_dv_48\desktop\processhacker\2.x\trunk\plugins\extendedtools\obj\release64\main.obj
c:\users\lge_dv_48\desktop\processhacker\2.x\trunk\plugins\extendedtools\obj\release64\thrdact.obj
c:\users\lge_dv_48\desktop\processhacker\2.x\trunk\plugins\extendedtools\obj\release64\gpumon.obj
c:\users\lge_dv_48\desktop\processhacker\2.x\trunk\plugins\extendedtools\obj\release64\gpusys.obj
c:\users\lge_dv_48\desktop\processhacker\2.x\trunk\plugins\extendedtools\obj\release64\etwstat.obj
c:\users\lge_dv_48\desktop\processhacker\2.x\trunk\plugins\extendedtools\obj\release64\modsrv.obj
c:\users\lge_dv_48\desktop\processhacker\2.x\trunk\plugins\extendedtools\obj\release64\unldll.obj
c:\users\lge_dv_48\desktop\processhacker\2.x\trunk\plugins\extendedtools\obj\release64\vc120.pdb
c:\users\lge_dv_48\desktop\processhacker\2.x\trunk\bin\release64\plugins\extendedtools.dll
c:\users\lge_dv_48\desktop\processhacker\2.x\trunk\bin\release64\plugins\extendedtools.pdb
c:\users\lge_dv_48\desktop\processhacker\2.x\trunk\plugins\extendedtools\obj\release64\extendedtools.res
c:\users\lge_dv_48\desktop\processhacker\2.x\trunk\plugins\..\bin\release64\plugins\extendedtools.pdb
c:\users\lge_dv_48\desktop\processhacker\2.x\trunk\plugins\..\bin\release64\plugins\extendedtools.dll
c:\users\lge_dv_48\desktop\processhacker\2.x\trunk\plugins\extendedtools\obj\release64\extendedtools.tlog\cl.command.1.tlog
c:\users\lge_dv_48\desktop\processhacker\2.x\trunk\plugins\extendedtools\obj\release64\extendedtools.tlog\cl.read.1.tlog
c:\users\lge_dv_48\desktop\processhacker\2.x\trunk\plugins\extendedtools\obj\release64\extendedtools.tlog\cl.write.1.tlog
c:\users\lge_dv_48\desktop\processhacker\2.x\trunk\plugins\extendedtools\obj\release64\extendedtools.tlog\link.command.1.tlog
c:\users\lge_dv_48\desktop\processhacker\2.x\trunk\plugins\extendedtools\obj\release64\extendedtools.tlog\link.read.1.tlog
c:\users\lge_dv_48\desktop\processhacker\2.x\trunk\plugins\extendedtools\obj\release64\extendedtools.tlog\link.write.1.tlog
c:\users\lge_dv_48\desktop\processhacker\2.x\trunk\plugins\extendedtools\obj\release64\extendedtools.tlog\rc.command.1.tlog
c:\users\lge_dv_48\desktop\processhacker\2.x\trunk\plugins\extendedtools\obj\release64\extendedtools.tlog\rc.read.1.tlog
c:\users\lge_dv_48\desktop\processhacker\2.x\trunk\plugins\extendedtools\obj\release64\extendedtools.tlog\rc.write.1.tlog
